[22-Dec-2016 03:34:24] NOTICE: Terminating ...
[22-Dec-2016 03:34:24] NOTICE: exiting, bye-bye!
[22-Dec-2016 03:34:28] NOTICE: fpm is running, pid 1
[22-Dec-2016 03:34:28] NOTICE: ready to handle connections
[22-Dec-2016 04:03:47] NOTICE: Terminating ...
[22-Dec-2016 04:03:47] NOTICE: exiting, bye-bye!
[22-Dec-2016 04:03:50] NOTICE: fpm is running, pid 1
[22-Dec-2016 04:03:50] NOTICE: ready to handle connections
[22-Dec-2016 04:31:29] NOTICE: Terminating ...
[22-Dec-2016 04:31:29] NOTICE: exiting, bye-bye!
[22-Dec-2016 04:31:32] NOTICE: fpm is running, pid 1
[22-Dec-2016 04:31:32] NOTICE: ready to handle connections
[22-Dec-2016 05:15:35] NOTICE: Terminating ...
[22-Dec-2016 05:35:04] NOTICE: fpm is running, pid 1
[22-Dec-2016 05:35:04] NOTICE: ready to handle connections
[22-Dec-2016 05:53:13] NOTICE: Terminating ...
[22-Dec-2016 05:53:13] NOTICE: exiting, bye-bye!
[22-Dec-2016 05:54:55] NOTICE: fpm is running, pid 1
[22-Dec-2016 05:54:55] NOTICE: ready to handle connections
[22-Dec-2016 05:55:35] NOTICE: fpm is running, pid 1
[22-Dec-2016 05:55:36] NOTICE: ready to handle connections
[22-Dec-2016 06:01:11] NOTICE: Terminating ...
[22-Dec-2016 06:01:11] NOTICE: exiting, bye-bye!
[22-Dec-2016 06:01:15] NOTICE: fpm is running, pid 1
[22-Dec-2016 06:01:15] NOTICE: ready to handle connections
[22-Dec-2016 06:02:49] NOTICE: Terminating ...
[22-Dec-2016 06:02:49] NOTICE: exiting, bye-bye!
[22-Dec-2016 06:02:54] NOTICE: fpm is running, pid 1
[22-Dec-2016 06:02:54] NOTICE: ready to handle connections
[22-Dec-2016 06:03:08] NOTICE: Terminating ...
[22-Dec-2016 06:03:08] NOTICE: exiting, bye-bye!
[22-Dec-2016 06:05:40] NOTICE: fpm is running, pid 1
[22-Dec-2016 06:05:40] NOTICE: ready to handle connections
[22-Dec-2016 06:07:12] NOTICE: Terminating ...
[22-Dec-2016 06:07:12] NOTICE: exiting, bye-bye!
[22-Dec-2016 06:07:34] NOTICE: fpm is running, pid 1
[22-Dec-2016 06:07:34] NOTICE: ready to handle connections
[22-Dec-2016 06:08:40] NOTICE: Terminating ...
[22-Dec-2016 06:08:40] NOTICE: exiting, bye-bye!
[22-Dec-2016 06:08:45] NOTICE: fpm is running, pid 1
[22-Dec-2016 06:08:45] NOTICE: ready to handle connections
[22-Dec-2016 06:10:04] NOTICE: Terminating ...
[22-Dec-2016 06:10:04] NOTICE: exiting, bye-bye!
[22-Dec-2016 06:10:05] NOTICE: fpm is running, pid 1
[22-Dec-2016 06:10:05] NOTICE: ready to handle connections
[22-Dec-2016 06:12:31] NOTICE: fpm is running, pid 1
[22-Dec-2016 06:12:31] NOTICE: ready to handle connections
[22-Dec-2016 06:13:50] NOTICE: fpm is running, pid 1
[22-Dec-2016 06:13:50] NOTICE: ready to handle connections
[22-Dec-2016 06:16:54] NOTICE: fpm is running, pid 1
[22-Dec-2016 06:16:54] NOTICE: ready to handle connections
[22-Dec-2016 06:18:08] NOTICE: fpm is running, pid 1
[22-Dec-2016 06:18:08] NOTICE: ready to handle connections
[22-Dec-2016 06:18:56] NOTICE: Terminating ...
[22-Dec-2016 06:18:56] NOTICE: exiting, bye-bye!
[22-Dec-2016 06:19:00] NOTICE: fpm is running, pid 1
[22-Dec-2016 06:19:00] NOTICE: ready to handle connections
[22-Dec-2016 06:22:20] NOTICE: Terminating ...
[22-Dec-2016 06:22:20] NOTICE: exiting, bye-bye!
[22-Dec-2016 06:22:34] NOTICE: fpm is running, pid 1
[22-Dec-2016 06:22:34] NOTICE: ready to handle connections
[22-Dec-2016 06:33:39] NOTICE: Terminating ...
[22-Dec-2016 06:33:39] NOTICE: exiting, bye-bye!
[22-Dec-2016 06:34:17] NOTICE: fpm is running, pid 1
[22-Dec-2016 06:34:17] NOTICE: ready to handle connections
[22-Dec-2016 06:38:22] NOTICE: Terminating ...
[22-Dec-2016 06:38:22] NOTICE: exiting, bye-bye!
[22-Dec-2016 06:38:33] NOTICE: fpm is running, pid 1
[22-Dec-2016 06:38:33] NOTICE: ready to handle connections
[22-Dec-2016 06:39:25] NOTICE: Terminating ...
[22-Dec-2016 06:39:25] NOTICE: exiting, bye-bye!
[22-Dec-2016 06:39:38] NOTICE: fpm is running, pid 1
[22-Dec-2016 06:39:38] NOTICE: ready to handle connections
[22-Dec-2016 07:50:12] NOTICE: Terminating ...
[22-Dec-2016 07:50:12] NOTICE: exiting, bye-bye!
[22-Dec-2016 07:53:42] NOTICE: fpm is running, pid 1
[22-Dec-2016 07:53:42] NOTICE: ready to handle connections
[22-Dec-2016 08:06:52] NOTICE: fpm is running, pid 1
[22-Dec-2016 08:06:52] NOTICE: ready to handle connections
[22-Dec-2016 08:10:52] NOTICE: Terminating ...
[22-Dec-2016 08:10:52] NOTICE: exiting, bye-bye!
[22-Dec-2016 08:10:52] NOTICE: fpm is running, pid 1
[22-Dec-2016 08:10:52] NOTICE: ready to handle connections
[22-Dec-2016 08:17:35] NOTICE: fpm is running, pid 1
[22-Dec-2016 08:17:35] NOTICE: ready to handle connections
[22-Dec-2016 08:19:44] NOTICE: Terminating ...
[22-Dec-2016 08:19:44] NOTICE: exiting, bye-bye!
[22-Dec-2016 08:31:26] NOTICE: fpm is running, pid 1
[22-Dec-2016 08:31:26] NOTICE: ready to handle connections
[22-Dec-2016 08:31:41] NOTICE: fpm is running, pid 1
[22-Dec-2016 08:31:41] NOTICE: ready to handle connections
[22-Dec-2016 09:28:37] NOTICE: Terminating ...
[22-Dec-2016 09:28:37] NOTICE: exiting, bye-bye!
[22-Dec-2016 09:28:42] NOTICE: fpm is running, pid 1
[22-Dec-2016 09:28:42] NOTICE: ready to handle connections
[22-Dec-2016 09:29:20] NOTICE: Terminating ...
[22-Dec-2016 09:29:20] NOTICE: exiting, bye-bye!
[22-Dec-2016 10:07:41] NOTICE: fpm is running, pid 1
[22-Dec-2016 10:07:41] NOTICE: ready to handle connections
[22-Dec-2016 10:13:14] NOTICE: Terminating ...
[22-Dec-2016 10:13:14] NOTICE: exiting, bye-bye!
[22-Dec-2016 10:13:48] NOTICE: fpm is running, pid 1
[22-Dec-2016 10:13:48] NOTICE: ready to handle connections
[22-Dec-2016 10:40:27] NOTICE: Terminating ...
[22-Dec-2016 10:40:27] NOTICE: exiting, bye-bye!
[22-Dec-2016 10:40:33] NOTICE: fpm is running, pid 1
[22-Dec-2016 10:40:33] NOTICE: ready to handle connections
[22-Dec-2016 11:05:53] NOTICE: Terminating ...
[22-Dec-2016 11:05:53] NOTICE: exiting, bye-bye!
[22-Dec-2016 11:10:22] NOTICE: fpm is running, pid 1
[22-Dec-2016 11:10:22] NOTICE: ready to handle connections
[22-Dec-2016 11:21:19] NOTICE: Terminating ...
[22-Dec-2016 11:21:19] NOTICE: exiting, bye-bye!
[23-Dec-2016 01:35:14] NOTICE: fpm is running, pid 1
[23-Dec-2016 01:35:14] NOTICE: ready to handle connections
[23-Dec-2016 01:35:36] NOTICE: Terminating ...
[23-Dec-2016 01:35:37] NOTICE: exiting, bye-bye!
[23-Dec-2016 01:35:58] NOTICE: fpm is running, pid 1
[23-Dec-2016 01:35:58] NOTICE: ready to handle connections
[23-Dec-2016 09:12:27] NOTICE: Terminating ...
[23-Dec-2016 09:12:27] NOTICE: exiting, bye-bye!
[26-Dec-2016 01:59:23] NOTICE: fpm is running, pid 1
[26-Dec-2016 01:59:23] NOTICE: ready to handle connections
[26-Dec-2016 01:59:32] NOTICE: fpm is running, pid 1
[26-Dec-2016 01:59:32] NOTICE: ready to handle connections
[26-Dec-2016 09:48:15] NOTICE: Terminating ...
[26-Dec-2016 09:48:15] NOTICE: exiting, bye-bye!
[27-Dec-2016 02:27:10] NOTICE: fpm is running, pid 1
[27-Dec-2016 02:27:10] NOTICE: ready to handle connections
[27-Dec-2016 03:07:29] NOTICE: Terminating ...
[27-Dec-2016 03:07:29] NOTICE: exiting, bye-bye!
[27-Dec-2016 03:07:36] NOTICE: fpm is running, pid 1
[27-Dec-2016 03:07:36] NOTICE: ready to handle connections
[27-Dec-2016 09:43:18] NOTICE: Terminating ...
[27-Dec-2016 09:43:18] NOTICE: exiting, bye-bye!
[28-Dec-2016 01:33:10] NOTICE: fpm is running, pid 1
[28-Dec-2016 01:33:10] NOTICE: ready to handle connections
[28-Dec-2016 09:47:35] NOTICE: Terminating ...
[28-Dec-2016 09:47:35] NOTICE: exiting, bye-bye!
[29-Dec-2016 01:49:21] NOTICE: fpm is running, pid 1
[29-Dec-2016 01:49:21] NOTICE: ready to handle connections
[29-Dec-2016 10:34:51] NOTICE: Terminating ...
[29-Dec-2016 10:34:52] NOTICE: exiting, bye-bye!
[30-Dec-2016 01:28:29] NOTICE: fpm is running, pid 1
[30-Dec-2016 01:28:29] NOTICE: ready to handle connections
[30-Dec-2016 10:07:21] NOTICE: Terminating ...
[30-Dec-2016 10:07:21] NOTICE: exiting, bye-bye!
[30-Dec-2016 10:11:03] NOTICE: fpm is running, pid 1
[30-Dec-2016 10:11:03] NOTICE: ready to handle connections
[30-Dec-2016 10:28:55] NOTICE: Terminating ...
[30-Dec-2016 10:28:55] NOTICE: exiting, bye-bye!
[03-Jan-2017 01:51:40] NOTICE: fpm is running, pid 1
[03-Jan-2017 01:51:40] NOTICE: ready to handle connections
[03-Jan-2017 10:54:05] NOTICE: Terminating ...
[03-Jan-2017 10:54:05] NOTICE: exiting, bye-bye!
[04-Jan-2017 07:08:47] NOTICE: fpm is running, pid 1
[04-Jan-2017 07:08:47] NOTICE: ready to handle connections
[04-Jan-2017 10:50:18] NOTICE: fpm is running, pid 1
[04-Jan-2017 10:50:18] NOTICE: ready to handle connections
[04-Jan-2017 11:04:30] NOTICE: Terminating ...
[04-Jan-2017 11:04:30] NOTICE: exiting, bye-bye!
[05-Jan-2017 01:44:31] NOTICE: fpm is running, pid 1
[05-Jan-2017 01:44:31] NOTICE: ready to handle connections
[05-Jan-2017 02:07:19] NOTICE: Terminating ...
[05-Jan-2017 02:07:19] NOTICE: exiting, bye-bye!
[17-Mar-2017 09:25:42] NOTICE: fpm is running, pid 1
[17-Mar-2017 09:25:42] NOTICE: ready to handle connections
[17-Mar-2017 10:09:39] NOTICE: Terminating ...
[17-Mar-2017 10:09:39] NOTICE: exiting, bye-bye!
[21-Mar-2017 09:16:50] NOTICE: fpm is running, pid 1
[21-Mar-2017 09:16:50] NOTICE: ready to handle connections
[21-Mar-2017 09:31:43] NOTICE: Terminating ...
[21-Mar-2017 09:31:43] NOTICE: exiting, bye-bye!
[21-Mar-2017 09:34:30] NOTICE: fpm is running, pid 1
[21-Mar-2017 09:34:30] NOTICE: ready to handle connections
[21-Mar-2017 10:31:27] NOTICE: Terminating ...
[21-Mar-2017 10:31:27] NOTICE: exiting, bye-bye!
[22-Mar-2017 01:59:53] NOTICE: fpm is running, pid 1
[22-Mar-2017 01:59:53] NOTICE: ready to handle connections
[22-Mar-2017 09:02:32] NOTICE: Terminating ...
[22-Mar-2017 09:02:33] NOTICE: exiting, bye-bye!
[28-Mar-2017 09:30:32] NOTICE: fpm is running, pid 1
[28-Mar-2017 09:30:32] NOTICE: ready to handle connections
[28-Mar-2017 09:54:36] NOTICE: Terminating ...
[28-Mar-2017 09:54:36] NOTICE: exiting, bye-bye!
[31-Mar-2017 06:40:54] NOTICE: fpm is running, pid 1
[31-Mar-2017 06:40:54] NOTICE: ready to handle connections
[31-Mar-2017 09:53:54] NOTICE: Terminating ...
[31-Mar-2017 09:53:55] NOTICE: exiting, bye-bye!
[31-Mar-2017 10:00:58] NOTICE: fpm is running, pid 1
[31-Mar-2017 10:00:58] NOTICE: ready to handle connections
[31-Mar-2017 11:22:48] NOTICE: Terminating ...
[31-Mar-2017 11:22:48] NOTICE: exiting, bye-bye!
[13-Apr-2017 02:11:20] NOTICE: fpm is running, pid 1
[13-Apr-2017 02:11:20] NOTICE: ready to handle connections
[13-Apr-2017 10:41:56] NOTICE: Terminating ...
[13-Apr-2017 10:41:56] NOTICE: exiting, bye-bye!
[17-Apr-2017 01:50:37] NOTICE: fpm is running, pid 1
[17-Apr-2017 01:50:37] NOTICE: ready to handle connections
[17-Apr-2017 07:28:36] NOTICE: Terminating ...
[17-Apr-2017 07:28:36] NOTICE: exiting, bye-bye!
[17-Apr-2017 07:28:55] NOTICE: fpm is running, pid 1
[17-Apr-2017 07:28:55] NOTICE: ready to handle connections
[17-Apr-2017 11:22:02] NOTICE: Terminating ...
[17-Apr-2017 11:22:03] NOTICE: exiting, bye-bye!
[18-Apr-2017 02:38:01] NOTICE: fpm is running, pid 1
[18-Apr-2017 02:38:01] NOTICE: ready to handle connections
[18-Apr-2017 10:24:08] NOTICE: Terminating ...
[18-Apr-2017 10:24:09] NOTICE: exiting, bye-bye!
[19-Apr-2017 02:17:59] NOTICE: fpm is running, pid 1
[19-Apr-2017 02:17:59] NOTICE: ready to handle connections
[19-Apr-2017 10:29:05] NOTICE: Terminating ...
[19-Apr-2017 10:29:06] NOTICE: exiting, bye-bye!
[20-Apr-2017 02:23:48] NOTICE: fpm is running, pid 1
[20-Apr-2017 02:23:48] NOTICE: ready to handle connections
[20-Apr-2017 03:00:41] NOTICE: Terminating ...
[20-Apr-2017 03:00:42] NOTICE: exiting, bye-bye!
[20-Apr-2017 03:00:50] NOTICE: fpm is running, pid 1
[20-Apr-2017 03:00:50] NOTICE: ready to handle connections
[20-Apr-2017 03:01:17] NOTICE: Terminating ...
[20-Apr-2017 03:01:17] NOTICE: exiting, bye-bye!
[20-Apr-2017 03:01:36] NOTICE: fpm is running, pid 1
[20-Apr-2017 03:01:36] NOTICE: ready to handle connections
[20-Apr-2017 03:01:40] NOTICE: Terminating ...
[20-Apr-2017 03:01:40] NOTICE: exiting, bye-bye!
[20-Apr-2017 03:01:59] NOTICE: fpm is running, pid 1
[20-Apr-2017 03:01:59] NOTICE: ready to handle connections
[20-Apr-2017 03:05:45] NOTICE: Terminating ...
[20-Apr-2017 03:05:45] NOTICE: exiting, bye-bye!
[20-Apr-2017 03:07:13] NOTICE: fpm is running, pid 1
[20-Apr-2017 03:07:13] NOTICE: ready to handle connections
[20-Apr-2017 03:11:06] NOTICE: Terminating ...
[20-Apr-2017 03:11:06] NOTICE: exiting, bye-bye!
[20-Apr-2017 03:11:20] NOTICE: fpm is running, pid 1
[20-Apr-2017 03:11:20] NOTICE: ready to handle connections
[20-Apr-2017 03:12:13] NOTICE: Terminating ...
[20-Apr-2017 03:12:13] NOTICE: exiting, bye-bye!
[20-Apr-2017 03:12:56] NOTICE: fpm is running, pid 1
[20-Apr-2017 03:12:56] NOTICE: ready to handle connections
[20-Apr-2017 03:16:57] NOTICE: Terminating ...
[20-Apr-2017 03:16:57] NOTICE: exiting, bye-bye!
[20-Apr-2017 03:17:05] NOTICE: fpm is running, pid 1
[20-Apr-2017 03:17:05] NOTICE: ready to handle connections
[20-Apr-2017 03:19:09] NOTICE: Terminating ...
[20-Apr-2017 03:19:09] NOTICE: exiting, bye-bye!
[20-Apr-2017 03:19:18] NOTICE: fpm is running, pid 1
[20-Apr-2017 03:19:18] NOTICE: ready to handle connections
[20-Apr-2017 03:20:22] NOTICE: Terminating ...
[20-Apr-2017 03:20:22] NOTICE: exiting, bye-bye!
[20-Apr-2017 03:22:14] NOTICE: fpm is running, pid 1
[20-Apr-2017 03:22:14] NOTICE: ready to handle connections
[20-Apr-2017 04:26:17] NOTICE: Terminating ...
[20-Apr-2017 04:26:17] NOTICE: exiting, bye-bye!
[20-Apr-2017 04:26:28] NOTICE: fpm is running, pid 1
[20-Apr-2017 04:26:28] NOTICE: ready to handle connections
[20-Apr-2017 04:29:08] NOTICE: Terminating ...
[20-Apr-2017 04:29:08] NOTICE: exiting, bye-bye!
[20-Apr-2017 04:29:17] NOTICE: fpm is running, pid 1
[20-Apr-2017 04:29:17] NOTICE: ready to handle connections
[20-Apr-2017 11:34:23] NOTICE: Terminating ...
[20-Apr-2017 11:34:24] NOTICE: exiting, bye-bye!
[21-Apr-2017 03:26:13] NOTICE: fpm is running, pid 1
[21-Apr-2017 03:26:13] NOTICE: ready to handle connections
[21-Apr-2017 03:30:17] NOTICE: Terminating ...
[21-Apr-2017 03:30:17] NOTICE: exiting, bye-bye!
[21-Apr-2017 03:39:47] NOTICE: fpm is running, pid 1
[21-Apr-2017 03:39:47] NOTICE: ready to handle connections
[21-Apr-2017 03:42:28] NOTICE: Terminating ...
[21-Apr-2017 03:42:28] NOTICE: exiting, bye-bye!
[21-Apr-2017 03:43:25] NOTICE: fpm is running, pid 1
[21-Apr-2017 03:43:25] NOTICE: ready to handle connections
[21-Apr-2017 05:18:13] NOTICE: Terminating ...
[21-Apr-2017 05:18:13] NOTICE: exiting, bye-bye!
[21-Apr-2017 05:18:22] NOTICE: fpm is running, pid 1
[21-Apr-2017 05:18:22] NOTICE: ready to handle connections
[21-Apr-2017 05:19:01] NOTICE: Terminating ...
[21-Apr-2017 05:19:01] NOTICE: exiting, bye-bye!
[21-Apr-2017 05:19:09] NOTICE: fpm is running, pid 1
[21-Apr-2017 05:19:09] NOTICE: ready to handle connections
[21-Apr-2017 05:24:27] NOTICE: Terminating ...
[21-Apr-2017 05:24:27] NOTICE: exiting, bye-bye!
[21-Apr-2017 05:24:36] NOTICE: fpm is running, pid 1
[21-Apr-2017 05:24:36] NOTICE: ready to handle connections
[21-Apr-2017 05:53:58] NOTICE: Terminating ...
[21-Apr-2017 05:53:58] NOTICE: exiting, bye-bye!
[21-Apr-2017 05:54:26] NOTICE: fpm is running, pid 1
[21-Apr-2017 05:54:26] NOTICE: ready to handle connections
[21-Apr-2017 05:57:34] NOTICE: Terminating ...
[21-Apr-2017 05:57:34] NOTICE: exiting, bye-bye!
[21-Apr-2017 05:57:46] NOTICE: fpm is running, pid 1
[21-Apr-2017 05:57:46] NOTICE: ready to handle connections
[21-Apr-2017 08:44:08] NOTICE: Terminating ...
[21-Apr-2017 08:44:08] NOTICE: exiting, bye-bye!
[21-Apr-2017 08:44:23] NOTICE: fpm is running, pid 1
[21-Apr-2017 08:44:23] NOTICE: ready to handle connections
[21-Apr-2017 09:08:08] NOTICE: Terminating ...
[21-Apr-2017 09:08:08] NOTICE: exiting, bye-bye!
[21-Apr-2017 09:08:20] NOTICE: fpm is running, pid 1
[21-Apr-2017 09:08:20] NOTICE: ready to handle connections
[21-Apr-2017 09:09:40] NOTICE: Terminating ...
[21-Apr-2017 09:09:40] NOTICE: exiting, bye-bye!
[21-Apr-2017 09:09:42] NOTICE: fpm is running, pid 1
[21-Apr-2017 09:09:42] NOTICE: ready to handle connections
[21-Apr-2017 09:12:45] NOTICE: Terminating ...
[21-Apr-2017 09:12:45] NOTICE: exiting, bye-bye!
[21-Apr-2017 09:12:55] NOTICE: fpm is running, pid 1
[21-Apr-2017 09:12:55] NOTICE: ready to handle connections
[21-Apr-2017 09:13:21] NOTICE: Terminating ...
[21-Apr-2017 09:13:21] NOTICE: exiting, bye-bye!
[21-Apr-2017 09:13:24] NOTICE: fpm is running, pid 1
[21-Apr-2017 09:13:24] NOTICE: ready to handle connections
[21-Apr-2017 09:14:25] NOTICE: Terminating ...
[21-Apr-2017 09:14:25] NOTICE: exiting, bye-bye!
[21-Apr-2017 09:14:27] NOTICE: fpm is running, pid 1
[21-Apr-2017 09:14:27] NOTICE: ready to handle connections
[21-Apr-2017 09:22:52] NOTICE: Terminating ...
[21-Apr-2017 09:22:52] NOTICE: exiting, bye-bye!
[21-Apr-2017 09:22:54] NOTICE: fpm is running, pid 1
[21-Apr-2017 09:22:54] NOTICE: ready to handle connections
[21-Apr-2017 10:11:38] NOTICE: Terminating ...
[21-Apr-2017 10:11:38] NOTICE: exiting, bye-bye!
[21-Apr-2017 10:11:51] NOTICE: fpm is running, pid 1
[21-Apr-2017 10:11:51] NOTICE: ready to handle connections
[21-Apr-2017 10:12:22] NOTICE: Terminating ...
[21-Apr-2017 10:12:23] NOTICE: exiting, bye-bye!
[21-Apr-2017 10:15:25] NOTICE: fpm is running, pid 1
[21-Apr-2017 10:15:25] NOTICE: ready to handle connections
[21-Apr-2017 10:19:19] NOTICE: Terminating ...
[21-Apr-2017 10:19:19] NOTICE: exiting, bye-bye!
[22-Apr-2017 01:23:16] NOTICE: fpm is running, pid 1
[22-Apr-2017 01:23:16] NOTICE: ready to handle connections
[25-Apr-2017 06:48:04] NOTICE: fpm is running, pid 1
[25-Apr-2017 06:48:04] NOTICE: ready to handle connections
[25-Apr-2017 09:03:58] NOTICE: Terminating ...
[25-Apr-2017 09:03:58] NOTICE: exiting, bye-bye!
[25-Apr-2017 09:04:01] NOTICE: fpm is running, pid 1
[25-Apr-2017 09:04:01] NOTICE: ready to handle connections
[25-Apr-2017 10:39:52] NOTICE: Terminating ...
[25-Apr-2017 10:39:52] NOTICE: exiting, bye-bye!
[28-Apr-2017 07:44:11] NOTICE: fpm is running, pid 1
[28-Apr-2017 07:44:11] NOTICE: ready to handle connections
[28-Apr-2017 07:44:46] NOTICE: Terminating ...
[28-Apr-2017 07:44:46] NOTICE: exiting, bye-bye!
